<?xml version="1.0" encoding="UTF-8"?>
<!-- Generated by org.testng.reporters.JUnitReportReporter -->
<testsuite hostname="LAPTOP-E48591KV" failures="0" tests="3" name="Features.TestRunnerClass" time="14.443" errors="0" timestamp="2023-05-05T17:44:38 IST" skipped="0">
  <testcase classname="Features.TestRunnerClass" name="runScenario" time="5.972"/>
  <system-out/>
  <testcase classname="Features.TestRunnerClass" name="runScenario" time="4.344"/>
  <system-out/>
  <testcase classname="Features.TestRunnerClass" name="runScenario" time="4.127"/>
  <system-out/>
</testsuite> <!-- Features.TestRunnerClass -->
